

Version:	3.12
CmdLine:	C:\Users\zyont\eclipse-workspace\GoARacle\GoARacle.exe --l4j-debug
WOW64:		yes
Working dir:	C:\Users\zyont\eclipse-workspace\GoARacle\.
Java min ver:	
Java max ver:	
Bundled JRE:	bin\jre
Check launcher:	C:\Users\zyont\eclipse-workspace\GoARacle\bin\jre\bin\javaw.exe (OK)
Main class:	GoARacle
Add classpath:	.
Launcher:	C:\Users\zyont\eclipse-workspace\GoARacle\bin\jre\bin\javaw.exe
Launcher args:	-classpath "bin\GoARacle.jar;." GoARacle
Args length:	40/32768 chars
Exit code:	0


Version:	3.12
CmdLine:	C:\Users\zyont\eclipse-workspace\GoARacle\GoARacle.exe --l4j-debug
WOW64:		yes
Working dir:	C:\Users\zyont\eclipse-workspace\GoARacle\.
Java min ver:	
Java max ver:	
Bundled JRE:	bin\jre
Check launcher:	C:\Users\zyont\eclipse-workspace\GoARacle\bin\jre\bin\javaw.exe (OK)
Main class:	GoARacle
Add classpath:	.
Launcher:	C:\Users\zyont\eclipse-workspace\GoARacle\bin\jre\bin\javaw.exe
Launcher args:	-classpath "bin\GoARacle.jar;." GoARacle
Args length:	40/32768 chars
Exit code:	0
